<?xml version="1.0" encoding="UTF-8"?>
<testsuites name="testSuite" time="0.876" tests="0" failures="0" errors="0">
   <testsuite name="testSuite" tests="0" failures="0" errors="0" time="0.876" skipped="0" timestamp="2022-11-16 17:57:15" hostname="virgosol - localhost" id="Test Suites/testSuite">
      <properties>
         <property name="deviceName" value=""/>
         <property name="devicePlatform" value=""/>
         <property name="logFolder" value="/Users/virgosol/git/JenkinsSampleProjectForLogo/Reports/20221116_175703/testSuite/20221116_175712"/>
         <property name="logFiles" value="/Users/virgosol/git/JenkinsSampleProjectForLogo/Reports/20221116_175703/testSuite/20221116_175712/execution0.log"/>
         <property name="attachments" value=""/>
         <property name="hostName" value="virgosol - localhost"/>
         <property name="hostAddress" value="127.0.0.1"/>
         <property name="os" value="Mac OS X 64bit"/>
         <property name="katalonVersion" value="8.5.2.208"/>
      </properties>
      <system-out><![CDATA[2022-11-16 17:57:15 - [TEST_SUITE][PASSED] - testSuite: null]]></system-out>
      <system-err><![CDATA[]]></system-err>
   </testsuite>
</testsuites>
